/home/jest/go/src/github.com/appvia/kore/bin/korectl get gkes ci-unknown -t e2e 2>&1 | grep 'not a valid resource type' 9
/home/jest/go/src/github.com/appvia/kore/bin/korectl get gkes ci-unknown -t e2e 2>&1 | grep 'not a valid resource type' 10
/home/jest/go/src/github.com/appvia/kore/bin/korectl get gkes ci-unknown -t e2e 2>&1 | grep 'not a valid resource type' 11
/home/jest/go/src/github.com/appvia/kore/bin/korectl get gkes ci-unknown -t e2e 2>&1 | grep 'not a valid resource type' 12
/home/jest/go/src/github.com/appvia/kore/bin/korectl get gkes ci-unknown -t e2e 2>&1 | grep 'not a valid resource type' 13
/home/jest/go/src/github.com/appvia/kore/bin/korectl get gkes ci-unknown -t e2e 2>&1 | grep 'not a valid resource type' 14
/home/jest/go/src/github.com/appvia/kore/bin/korectl get gkes ci-unknown -t e2e 2>&1 | grep 'not a valid resource type' 15
/home/jest/go/src/github.com/appvia/kore/bin/korectl get gkes ci-unknown -t e2e 2>&1 | grep 'not a valid resource type' 16
/home/jest/go/src/github.com/appvia/kore/bin/korectl get gkes ci-unknown -t e2e 2>&1 | grep 'not a valid resource type' 17
/home/jest/go/src/github.com/appvia/kore/bin/korectl get gkes ci-unknown -t e2e 2>&1 | grep 'not a valid resource type' 18
/home/jest/go/src/github.com/appvia/kore/bin/korectl get gkes ci-unknown -t e2e 2>&1 | grep 'not a valid resource type' 19
/home/jest/go/src/github.com/appvia/kore/bin/korectl get gkes ci-unknown -t e2e 2>&1 | grep 'not a valid resource type' 20
/home/jest/go/src/github.com/appvia/kore/bin/korectl get gkes ci-unknown -t e2e 2>&1 | grep 'not a valid resource type' 21
/home/jest/go/src/github.com/appvia/kore/bin/korectl get gkes ci-unknown -t e2e 2>&1 | grep 'not a valid resource type' 22
/home/jest/go/src/github.com/appvia/kore/bin/korectl get gkes ci-unknown -t e2e 2>&1 | grep 'not a valid resource type' 23
/home/jest/go/src/github.com/appvia/kore/bin/korectl get gkes ci-unknown -t e2e 2>&1 | grep 'not a valid resource type' 24
/home/jest/go/src/github.com/appvia/kore/bin/korectl get gkes ci-unknown -t e2e 2>&1 | grep 'not a valid resource type' 25
/home/jest/go/src/github.com/appvia/kore/bin/korectl get gkes ci-unknown -t e2e 2>&1 | grep 'not a valid resource type' 26
/home/jest/go/src/github.com/appvia/kore/bin/korectl get gkes ci-unknown -t e2e 2>&1 | grep 'not a valid resource type' 27
/home/jest/go/src/github.com/appvia/kore/bin/korectl get gkes ci-unknown -t e2e 2>&1 | grep 'not a valid resource type' 28
/home/jest/go/src/github.com/appvia/kore/bin/korectl get gkes ci-unknown -t e2e 2>&1 | grep 'not a valid resource type' 29
/home/jest/go/src/github.com/appvia/kore/bin/korectl get gkes ci-unknown -t e2e 2>&1 | grep 'not a valid resource type' 30
/home/jest/go/src/github.com/appvia/kore/bin/korectl get gkes ci-unknown -t e2e 2>&1 | grep 'not a valid resource type' 31
/home/jest/go/src/github.com/appvia/kore/bin/korectl get gkes ci-unknown -t e2e 2>&1 | grep 'not a valid resource type' 32
/home/jest/go/src/github.com/appvia/kore/bin/korectl get gkes ci-unknown -t e2e 2>&1 | grep 'not a valid resource type' 33
/home/jest/go/src/github.com/appvia/kore/bin/korectl get gkes ci-unknown -t e2e 2>&1 | grep 'not a valid resource type' 34
/home/jest/go/src/github.com/appvia/kore/bin/korectl get gkes ci-unknown -t e2e 2>&1 | grep 'not a valid resource type' 35
/home/jest/go/src/github.com/appvia/kore/bin/korectl get gkes ci-unknown -t e2e 2>&1 | grep 'not a valid resource type' 36
/home/jest/go/src/github.com/appvia/kore/bin/korectl get gkes ci-unknown -t e2e 2>&1 | grep 'not a valid resource type' 37
/home/jest/go/src/github.com/appvia/kore/bin/korectl get gkes ci-unknown -t e2e 2>&1 | grep 'not a valid resource type' 38
/home/jest/go/src/github.com/appvia/kore/bin/korectl get gkes ci-unknown -t e2e 2>&1 | grep 'not a valid resource type' 39
/home/jest/go/src/github.com/appvia/kore/bin/korectl get gkes ci-unknown -t e2e 2>&1 | grep 'not a valid resource type' 40
/home/jest/go/src/github.com/appvia/kore/bin/korectl get clusters ci-unknown -t e2e 2>&1 | grep 'not a valid resource type' 0
/home/jest/go/src/github.com/appvia/kore/bin/korectl get clusters ci-unknown -t e2e 2>&1 | grep 'not a valid resource type' 1
/home/jest/go/src/github.com/appvia/kore/bin/korectl get clusters ci-unknown -t e2e 2>&1 | grep 'not a valid resource type' 2
/home/jest/go/src/github.com/appvia/kore/bin/korectl get clusters ci-unknown -t e2e 2>&1 | grep 'not a valid resource type' 3
/home/jest/go/src/github.com/appvia/kore/bin/korectl get clusters ci-unknown -t e2e 2>&1 | grep 'not a valid resource type' 4
/home/jest/go/src/github.com/appvia/kore/bin/korectl get clusters ci-unknown -t e2e 2>&1 | grep 'not a valid resource type' 5
/home/jest/go/src/github.com/appvia/kore/bin/korectl get gkecredentials gke -t kore-admin -o json | jq '.status.verified' | grep -i true 0
/home/jest/go/src/github.com/appvia/kore/bin/korectl get gkecredentials gke -t kore-admin -o json | jq '.status.verified' | grep -i true 0
/home/jest/go/bin/kubectl --context=ci-unknown -n ingress get clusterrole kore-nsadmin 0
/home/jest/go/bin/kubectl --context=ci-unknown -n ingress get clusterrole kore-nsadmin 1
/home/jest/go/bin/kubectl get namespace e2e >/dev/null 0
/home/jest/go/src/github.com/appvia/kore/bin/korectl get gkecredentials gke -t kore-admin -o json | jq '.status.verified' | grep -i true 0
/home/jest/go/bin/kubectl --context=ci-unknown -n  get clusterrole kore-nsadmin 0
/home/jest/go/bin/kubectl --context=ci-unknown -n  get clusterrole kore-nsadmin 1
/home/jest/go/src/github.com/appvia/kore/bin/korectl get gkecredentials gke -t kore-admin -o json | jq '.status.verified' | grep -i true 0
/home/jest/go/src/github.com/appvia/kore/bin/korectl get gkecredentials gke -t kore-admin -o json | jq '.status.verified' | grep -i true 0
/home/jest/go/bin/kubectl --context=ci-unknown -n  get clusterrole kore-nsadmin 0
/home/jest/go/bin/kubectl --context=ci-unknown -n  get clusterrole kore-nsadmin 1
/home/jest/go/src/github.com/appvia/kore/bin/korectl get gkecredentials gke -t kore-admin -o json | jq '.status.verified' | grep -i true 0
/home/jest/go/src/github.com/appvia/kore/bin/korectl get gkecredentials gke -t kore-admin -o json | jq '.status.verified' | grep -i true 0
/home/jest/go/bin/kubectl --context=ci-unknown -n ingress get rolebinding kore:team -o yaml | grep 'name: admin' 0
/home/jest/go/bin/kubectl --context=ci-unknown -n ingress get rolebinding kore:team -o yaml | grep 'name: admin' 1
/home/jest/go/bin/kubectl --context=ci-unknown -n ingress get rolebinding kore:team -o yaml | grep 'name: test' 0
/home/jest/go/bin/kubectl --context=ci-unknown -n ingress get rolebinding kore:team -o yaml | grep 'name: test' 1
/home/jest/go/src/github.com/appvia/kore/bin/korectl get namespaceclaims ci-unknown-ingress -t e2e 2>&1 | grep 'is not a valid resource type' 0
/home/jest/go/src/github.com/appvia/kore/bin/korectl get namespaceclaims ci-unknown-ingress -t e2e 2>&1 | grep 'is not a valid resource type' 1
/home/jest/go/src/github.com/appvia/kore/bin/korectl get gkecredentials gke -t kore-admin -o json | jq '.status.verified' | grep -i true 0
/home/jest/go/bin/kubectl --context=ci-unknown -n ingress get rolebinding kore:team -o yaml | grep 'name: test' 0
/home/jest/go/bin/kubectl --context=ci-unknown -n ingress get rolebinding kore:team -o yaml | grep 'name: test' 1
/home/jest/go/src/github.com/appvia/kore/bin/korectl get namespaceclaims ci-unknown-ingress -t e2e 2>&1 | grep 'is not a valid resource type' 0
/home/jest/go/src/github.com/appvia/kore/bin/korectl get namespaceclaims ci-unknown-ingress -t e2e 2>&1 | grep 'is not a valid resource type' 1
/home/jest/go/src/github.com/appvia/kore/bin/korectl get namespaceclaims ci-unknown-ingress -t e2e 2>&1 | grep 'is not a valid resource type' 2
/home/jest/go/src/github.com/appvia/kore/bin/korectl get gkes ci-unknown -t e2e 2>&1 | grep 'not a valid resource type' 0
/home/jest/go/src/github.com/appvia/kore/bin/korectl get gkes ci-unknown -t e2e 2>&1 | grep 'not a valid resource type' 1
/home/jest/go/src/github.com/appvia/kore/bin/korectl get gkes ci-unknown -t e2e 2>&1 | grep 'not a valid resource type' 2
/home/jest/go/src/github.com/appvia/kore/bin/korectl get gkes ci-unknown -t e2e 2>&1 | grep 'not a valid resource type' 3
/home/jest/go/src/github.com/appvia/kore/bin/korectl get gkes ci-unknown -t e2e 2>&1 | grep 'not a valid resource type' 4
/home/jest/go/src/github.com/appvia/kore/bin/korectl get gkes ci-unknown -t e2e 2>&1 | grep 'not a valid resource type' 5
/home/jest/go/src/github.com/appvia/kore/bin/korectl get gkes ci-unknown -t e2e 2>&1 | grep 'not a valid resource type' 6
/home/jest/go/src/github.com/appvia/kore/bin/korectl get gkes ci-unknown -t e2e 2>&1 | grep 'not a valid resource type' 7
/home/jest/go/src/github.com/appvia/kore/bin/korectl get gkes ci-unknown -t e2e 2>&1 | grep 'not a valid resource type' 8
/home/jest/go/src/github.com/appvia/kore/bin/korectl get gkes ci-unknown -t e2e 2>&1 | grep 'not a valid resource type' 9
/home/jest/go/src/github.com/appvia/kore/bin/korectl get gkes ci-unknown -t e2e 2>&1 | grep 'not a valid resource type' 10
/home/jest/go/src/github.com/appvia/kore/bin/korectl get gkes ci-unknown -t e2e 2>&1 | grep 'not a valid resource type' 11
/home/jest/go/src/github.com/appvia/kore/bin/korectl get gkes ci-unknown -t e2e 2>&1 | grep 'not a valid resource type' 12
/home/jest/go/src/github.com/appvia/kore/bin/korectl get gkes ci-unknown -t e2e 2>&1 | grep 'not a valid resource type' 13
/home/jest/go/src/github.com/appvia/kore/bin/korectl get gkes ci-unknown -t e2e 2>&1 | grep 'not a valid resource type' 14
/home/jest/go/src/github.com/appvia/kore/bin/korectl get gkes ci-unknown -t e2e 2>&1 | grep 'not a valid resource type' 15
/home/jest/go/src/github.com/appvia/kore/bin/korectl get gkes ci-unknown -t e2e 2>&1 | grep 'not a valid resource type' 16
/home/jest/go/src/github.com/appvia/kore/bin/korectl get gkes ci-unknown -t e2e 2>&1 | grep 'not a valid resource type' 17
/home/jest/go/src/github.com/appvia/kore/bin/korectl get gkes ci-unknown -t e2e 2>&1 | grep 'not a valid resource type' 18
/home/jest/go/src/github.com/appvia/kore/bin/korectl get gkes ci-unknown -t e2e 2>&1 | grep 'not a valid resource type' 19
/home/jest/go/src/github.com/appvia/kore/bin/korectl get gkes ci-unknown -t e2e 2>&1 | grep 'not a valid resource type' 20
/home/jest/go/src/github.com/appvia/kore/bin/korectl get gkes ci-unknown -t e2e 2>&1 | grep 'not a valid resource type' 21
/home/jest/go/src/github.com/appvia/kore/bin/korectl get gkes ci-unknown -t e2e 2>&1 | grep 'not a valid resource type' 22
/home/jest/go/src/github.com/appvia/kore/bin/korectl get gkes ci-unknown -t e2e 2>&1 | grep 'not a valid resource type' 23
/home/jest/go/src/github.com/appvia/kore/bin/korectl get gkes ci-unknown -t e2e 2>&1 | grep 'not a valid resource type' 24
/home/jest/go/src/github.com/appvia/kore/bin/korectl get gkes ci-unknown -t e2e 2>&1 | grep 'not a valid resource type' 25
/home/jest/go/src/github.com/appvia/kore/bin/korectl get gkes ci-unknown -t e2e 2>&1 | grep 'not a valid resource type' 26
/home/jest/go/src/github.com/appvia/kore/bin/korectl get gkes ci-unknown -t e2e 2>&1 | grep 'not a valid resource type' 27
/home/jest/go/src/github.com/appvia/kore/bin/korectl get gkes ci-unknown -t e2e 2>&1 | grep 'not a valid resource type' 28
/home/jest/go/src/github.com/appvia/kore/bin/korectl get gkes ci-unknown -t e2e 2>&1 | grep 'not a valid resource type' 29
/home/jest/go/src/github.com/appvia/kore/bin/korectl get gkes ci-unknown -t e2e 2>&1 | grep 'not a valid resource type' 30
/home/jest/go/src/github.com/appvia/kore/bin/korectl get gkes ci-unknown -t e2e 2>&1 | grep 'not a valid resource type' 31
/home/jest/go/src/github.com/appvia/kore/bin/korectl get gkes ci-unknown -t e2e 2>&1 | grep 'not a valid resource type' 32
/home/jest/go/src/github.com/appvia/kore/bin/korectl get gkes ci-unknown -t e2e 2>&1 | grep 'not a valid resource type' 33
/home/jest/go/src/github.com/appvia/kore/bin/korectl get gkes ci-unknown -t e2e 2>&1 | grep 'not a valid resource type' 34
/home/jest/go/src/github.com/appvia/kore/bin/korectl get gkes ci-unknown -t e2e 2>&1 | grep 'not a valid resource type' 35
/home/jest/go/src/github.com/appvia/kore/bin/korectl get gkes ci-unknown -t e2e 2>&1 | grep 'not a valid resource type' 36
/home/jest/go/src/github.com/appvia/kore/bin/korectl get gkes ci-unknown -t e2e 2>&1 | grep 'not a valid resource type' 37
/home/jest/go/src/github.com/appvia/kore/bin/korectl get gkes ci-unknown -t e2e 2>&1 | grep 'not a valid resource type' 38
/home/jest/go/src/github.com/appvia/kore/bin/korectl get gkes ci-unknown -t e2e 2>&1 | grep 'not a valid resource type' 39
/home/jest/go/src/github.com/appvia/kore/bin/korectl get gkes ci-unknown -t e2e 2>&1 | grep 'not a valid resource type' 40
/home/jest/go/src/github.com/appvia/kore/bin/korectl get gkes ci-unknown -t e2e 2>&1 | grep 'not a valid resource type' 41
/home/jest/go/src/github.com/appvia/kore/bin/korectl get clusters ci-unknown -t e2e 2>&1 | grep 'not a valid resource type' 0
/home/jest/go/src/github.com/appvia/kore/bin/korectl get clusters ci-unknown -t e2e 2>&1 | grep 'not a valid resource type' 1
/home/jest/go/src/github.com/appvia/kore/bin/korectl get clusters ci-unknown -t e2e 2>&1 | grep 'not a valid resource type' 2
/home/jest/go/src/github.com/appvia/kore/bin/korectl get clusters ci-unknown -t e2e 2>&1 | grep 'not a valid resource type' 3
/home/jest/go/src/github.com/appvia/kore/bin/korectl get clusters ci-unknown -t e2e 2>&1 | grep 'not a valid resource type' 4
/home/jest/go/src/github.com/appvia/kore/bin/korectl get gkecredentials gke -t kore-admin -o json | jq '.status.verified' | grep -i true 0
/home/jest/go/src/github.com/appvia/kore/bin/korectl get gkecredentials gke -t kore-admin -o json | jq '.status.verified' | grep -i true 0
/home/jest/go/bin/kubectl --context=ci-unknown -n ingress get rolebinding kore:team -o yaml | grep 'name: test' 0
/home/jest/go/bin/kubectl --context=ci-unknown -n ingress get rolebinding kore:team -o yaml | grep 'name: test' 1
/home/jest/go/src/github.com/appvia/kore/bin/korectl get namespaceclaims ci-unknown-ingress -t e2e 2>&1 | grep 'is not a valid resource type' 0
/home/jest/go/src/github.com/appvia/kore/bin/korectl get namespaceclaims ci-unknown-ingress -t e2e 2>&1 | grep 'is not a valid resource type' 1
/home/jest/go/src/github.com/appvia/kore/bin/korectl get cluster ci-unknown -t e2e -o json | jq '.status.status' | grep -i deleting 0
/home/jest/go/src/github.com/appvia/kore/bin/korectl get gkes ci-unknown -t e2e 2>&1 | grep 'not a valid resource type' 0
/home/jest/go/src/github.com/appvia/kore/bin/korectl get gkes ci-unknown -t e2e 2>&1 | grep 'not a valid resource type' 1
/home/jest/go/src/github.com/appvia/kore/bin/korectl get gkes ci-unknown -t e2e 2>&1 | grep 'not a valid resource type' 2
/home/jest/go/src/github.com/appvia/kore/bin/korectl get gkes ci-unknown -t e2e 2>&1 | grep 'not a valid resource type' 3
/home/jest/go/src/github.com/appvia/kore/bin/korectl get gkes ci-unknown -t e2e 2>&1 | grep 'not a valid resource type' 4
/home/jest/go/src/github.com/appvia/kore/bin/korectl get gkes ci-unknown -t e2e 2>&1 | grep 'not a valid resource type' 5
/home/jest/go/src/github.com/appvia/kore/bin/korectl get gkes ci-unknown -t e2e 2>&1 | grep 'not a valid resource type' 6
/home/jest/go/src/github.com/appvia/kore/bin/korectl get gkes ci-unknown -t e2e 2>&1 | grep 'not a valid resource type' 7
/home/jest/go/src/github.com/appvia/kore/bin/korectl get gkes ci-unknown -t e2e 2>&1 | grep 'not a valid resource type' 8
/home/jest/go/src/github.com/appvia/kore/bin/korectl get gkes ci-unknown -t e2e 2>&1 | grep 'not a valid resource type' 9
/home/jest/go/src/github.com/appvia/kore/bin/korectl get gkes ci-unknown -t e2e 2>&1 | grep 'not a valid resource type' 10
/home/jest/go/src/github.com/appvia/kore/bin/korectl get gkes ci-unknown -t e2e 2>&1 | grep 'not a valid resource type' 11
/home/jest/go/src/github.com/appvia/kore/bin/korectl get gkes ci-unknown -t e2e 2>&1 | grep 'not a valid resource type' 12
/home/jest/go/src/github.com/appvia/kore/bin/korectl get gkes ci-unknown -t e2e 2>&1 | grep 'not a valid resource type' 13
/home/jest/go/src/github.com/appvia/kore/bin/korectl get gkes ci-unknown -t e2e 2>&1 | grep 'not a valid resource type' 14
/home/jest/go/src/github.com/appvia/kore/bin/korectl get gkes ci-unknown -t e2e 2>&1 | grep 'not a valid resource type' 15
/home/jest/go/src/github.com/appvia/kore/bin/korectl get gkes ci-unknown -t e2e 2>&1 | grep 'not a valid resource type' 16
/home/jest/go/src/github.com/appvia/kore/bin/korectl get gkes ci-unknown -t e2e 2>&1 | grep 'not a valid resource type' 17
/home/jest/go/src/github.com/appvia/kore/bin/korectl get gkes ci-unknown -t e2e 2>&1 | grep 'not a valid resource type' 18
/home/jest/go/src/github.com/appvia/kore/bin/korectl get gkes ci-unknown -t e2e 2>&1 | grep 'not a valid resource type' 19
/home/jest/go/src/github.com/appvia/kore/bin/korectl get gkes ci-unknown -t e2e 2>&1 | grep 'not a valid resource type' 20
/home/jest/go/src/github.com/appvia/kore/bin/korectl get gkes ci-unknown -t e2e 2>&1 | grep 'not a valid resource type' 21
/home/jest/go/src/github.com/appvia/kore/bin/korectl get gkes ci-unknown -t e2e 2>&1 | grep 'not a valid resource type' 22
/home/jest/go/src/github.com/appvia/kore/bin/korectl get gkes ci-unknown -t e2e 2>&1 | grep 'not a valid resource type' 23
/home/jest/go/src/github.com/appvia/kore/bin/korectl get gkes ci-unknown -t e2e 2>&1 | grep 'not a valid resource type' 24
/home/jest/go/src/github.com/appvia/kore/bin/korectl get gkes ci-unknown -t e2e 2>&1 | grep 'not a valid resource type' 25
/home/jest/go/src/github.com/appvia/kore/bin/korectl get gkes ci-unknown -t e2e 2>&1 | grep 'not a valid resource type' 26
/home/jest/go/src/github.com/appvia/kore/bin/korectl get gkes ci-unknown -t e2e 2>&1 | grep 'not a valid resource type' 27
/home/jest/go/src/github.com/appvia/kore/bin/korectl get gkes ci-unknown -t e2e 2>&1 | grep 'not a valid resource type' 28
/home/jest/go/src/github.com/appvia/kore/bin/korectl get gkes ci-unknown -t e2e 2>&1 | grep 'not a valid resource type' 29
/home/jest/go/src/github.com/appvia/kore/bin/korectl get gkes ci-unknown -t e2e 2>&1 | grep 'not a valid resource type' 30
/home/jest/go/src/github.com/appvia/kore/bin/korectl get gkes ci-unknown -t e2e 2>&1 | grep 'not a valid resource type' 31
/home/jest/go/src/github.com/appvia/kore/bin/korectl get gkes ci-unknown -t e2e 2>&1 | grep 'not a valid resource type' 32
/home/jest/go/src/github.com/appvia/kore/bin/korectl get gkes ci-unknown -t e2e 2>&1 | grep 'not a valid resource type' 33
/home/jest/go/src/github.com/appvia/kore/bin/korectl get gkes ci-unknown -t e2e 2>&1 | grep 'not a valid resource type' 34
/home/jest/go/src/github.com/appvia/kore/bin/korectl get gkes ci-unknown -t e2e 2>&1 | grep 'not a valid resource type' 35
/home/jest/go/src/github.com/appvia/kore/bin/korectl get gkes ci-unknown -t e2e 2>&1 | grep 'not a valid resource type' 36
/home/jest/go/src/github.com/appvia/kore/bin/korectl get gkes ci-unknown -t e2e 2>&1 | grep 'not a valid resource type' 37
/home/jest/go/src/github.com/appvia/kore/bin/korectl get gkes ci-unknown -t e2e 2>&1 | grep 'not a valid resource type' 38
/home/jest/go/src/github.com/appvia/kore/bin/korectl get gkes ci-unknown -t e2e 2>&1 | grep 'not a valid resource type' 39
/home/jest/go/src/github.com/appvia/kore/bin/korectl get gkes ci-unknown -t e2e 2>&1 | grep 'not a valid resource type' 40
/home/jest/go/src/github.com/appvia/kore/bin/korectl get clusters ci-unknown -t e2e 2>&1 | grep 'not a valid resource type' 0
/home/jest/go/src/github.com/appvia/kore/bin/korectl get clusters ci-unknown -t e2e 2>&1 | grep 'not a valid resource type' 1
/home/jest/go/src/github.com/appvia/kore/bin/korectl get clusters ci-unknown -t e2e 2>&1 | grep 'not a valid resource type' 2
/home/jest/go/src/github.com/appvia/kore/bin/korectl get clusters ci-unknown -t e2e 2>&1 | grep 'not a valid resource type' 3
/home/jest/go/src/github.com/appvia/kore/bin/korectl get clusters ci-unknown -t e2e 2>&1 | grep 'not a valid resource type' 4
/home/jest/go/src/github.com/appvia/kore/bin/korectl get clusters ci-unknown -t e2e 2>&1 | grep 'not a valid resource type' 5
